
Showing logs for build [32mcb-kubecd-environment-pr-199-90-9dzvp-1[0m stage [32mfrom-build-pack[0m and container [32mstep-credential-initializer-r7t9n[0m
{"level":"warn","ts":1586696386.514015,"logger":"fallback-logger","caller":"logging/config.go:69","msg":"Fetch GitHub commit ID from kodata failed: \"ref: refs/heads/0.8.0-**-support-backwards-incompats\" is not a valid GitHub commit ID"}
{"level":"info","ts":1586696386.5144298,"logger":"fallback-logger","caller":"creds-init/main.go:40","msg":"Credentials initialized."}

Showing logs for build [32mcb-kubecd-environment-pr-199-90-9dzvp-1[0m stage [32mfrom-build-pack[0m and container [32mstep-working-dir-initializer-pdngk[0m
{"level":"warn","ts":1586696387.3611913,"logger":"fallback-logger","caller":"logging/config.go:69","msg":"Fetch GitHub commit ID from kodata failed: open /var/run/ko/HEAD: no such file or directory"}
{"level":"info","ts":1586696387.3650033,"logger":"fallback-logger","caller":"bash/main.go:64","msg":"Successfully executed command \"sh -c mkdir -p /workspace/source\"; output "}

Showing logs for build [32mcb-kubecd-environment-pr-199-90-9dzvp-1[0m stage [32mfrom-build-pack[0m and container [32mstep-place-tools[0m

Showing logs for build [32mcb-kubecd-environment-pr-199-90-9dzvp-1[0m stage [32mfrom-build-pack[0m and container [32mstep-git-source-cb-kubecd-environment-pr-199-90-9dzvp-ghh8s[0m
{"level":"warn","ts":1586696390.4649434,"logger":"fallback-logger","caller":"logging/config.go:69","msg":"Fetch GitHub commit ID from kodata failed: \"ref: refs/heads/0.8.0-**-support-backwards-incompats\" is not a valid GitHub commit ID"}
{"level":"info","ts":1586696391.490396,"logger":"fallback-logger","caller":"git/git.go:103","msg":"Successfully cloned https://github.com/cb-kubecd/environment-pr-199-90-boot-vault-gke-production.git @ master in path /workspace/source"}

Showing logs for build [32mcb-kubecd-environment-pr-199-90-9dzvp-1[0m stage [32mfrom-build-pack[0m and container [32mstep-git-merge[0m
Using SHAs from PULL_REFS=master:0dc893104bf7c5fdf179bf77731c669c613c7618,1:bd54a41ae247169c90ecc57ead46b221d57f42ed
DEBUG: LC_ALL=C JX_LOG_LEVEL=error git fetch origin --unshallow bd54a41ae247169c90ecc57ead46b221d57f42ed: 0dc893104bf7c5fdf179bf77731c669c613c7618:
DEBUG: ran git fetch --unshallow origin bd54a41ae247169c90ecc57ead46b221d57f42ed: 0dc893104bf7c5fdf179bf77731c669c613c7618: in 
DEBUG: LC_ALL=C JX_LOG_LEVEL=error git branch
DEBUG: LC_ALL=C JX_LOG_LEVEL=error git checkout master
DEBUG: ran git checkout master in 
DEBUG: LC_ALL=C JX_LOG_LEVEL=error git reset --hard 0dc893104bf7c5fdf179bf77731c669c613c7618
DEBUG: ran git reset --hard 0dc893104bf7c5fdf179bf77731c669c613c7618 in 
DEBUG: LC_ALL=C JX_LOG_LEVEL=error git clean -fd .
DEBUG: ran clean --force -d . in 
DEBUG: JX_LOG_LEVEL=error LC_ALL=C git merge bd54a41ae247169c90ecc57ead46b221d57f42ed
DEBUG: ran git merge bd54a41ae247169c90ecc57ead46b221d57f42ed in 
DEBUG: LC_ALL=C JX_LOG_LEVEL=error git log --format=%H%x1f%an%x1f%ae%x1f%cn%x1f%ce%x1f%s%n%b%x1e 0dc893104bf7c5fdf179bf77731c669c613c7618..HEAD
Merged SHA bd54a41ae247169c90ecc57ead46b221d57f42ed with commit message 'chore: Promote bdd-spring-1586694971 to version 0.0.1' into base branch master

Showing logs for build [32mcb-kubecd-environment-pr-199-90-9dzvp-1[0m stage [32mfrom-build-pack[0m and container [32mstep-build-helm-build[0m
WARNING: No $CHART_REPOSITORY defined so using the default value of: http://jenkins-x-chartmuseum:8080
Adding missing Helm repo: storage.googleapis.com https://storage.googleapis.com/chartmuseum.jenkins-x.io
WARNING: No secrets found on "helm/repos" due: reading the secret "helm/repos" from vault: no secret "helm/repos" not found in vault
Read credentials for https://storage.googleapis.com/chartmuseum.jenkins-x.io from vault helm/repos
Successfully added Helm repository storage.googleapis.com.
Adding missing Helm repo: jenkins-x-chartmuseum http://jenkins-x-chartmuseum:8080
WARNING: No secrets found on "helm/repos" due: reading the secret "helm/repos" from vault: no secret "helm/repos" not found in vault
Read credentials for http://jenkins-x-chartmuseum:8080 from vault helm/repos
Successfully added Helm repository jenkins-x-chartmuseum.
WARNING: No $CHART_REPOSITORY defined so using the default value of: http://jenkins-x-chartmuseum:8080
Adding missing Helm repo: chartmuseum.jenkins-x.io http://chartmuseum.jenkins-x.io
WARNING: No secrets found on "helm/repos" due: reading the secret "helm/repos" from vault: no secret "helm/repos" not found in vault
Read credentials for http://chartmuseum.jenkins-x.io from vault helm/repos
Successfully added Helm repository chartmuseum.jenkins-x.io.
